app/build/intermediates/manifest_merge_blame_file/debug/manifest-merger-blame-debug-report.txt
1<?xml version="1.0" encoding="utf-8"?>
2<manifest xmlns:android="http://schemas.android.com/apk/res/android"
3    package="com.pixels.Inventario"
4    android:versionCode="1"
5    android:versionName="1.0" >
6
7    <uses-sdk
7-->src\main\AndroidManifest.xml:6:5-73
8        android:minSdkVersion="23"
8-->src\main\AndroidManifest.xml:6:5-73
9        android:targetSdkVersion="32" />
9-->src\main\AndroidManifest.xml:6:5-73
10
11    <uses-permission android:name="android.permission.INTERNET" />
11-->src\main\AndroidManifest.xml:8:5-67
11-->src\main\AndroidManifest.xml:8:22-64
12    <uses-permission android:name="android.permission.ACCESS_NETWORK_STATE" />
12-->src\main\AndroidManifest.xml:9:5-79
12-->src\main\AndroidManifest.xml:9:22-76
13    <uses-permission android:name="android.permission.WRITE_EXTERNAL_STORAGE" />
13-->src\main\AndroidManifest.xml:10:5-81
13-->src\main\AndroidManifest.xml:10:22-78
14    <uses-permission android:name="android.permission.READ_EXTERNAL_STORAGE" />
14-->src\main\AndroidManifest.xml:11:5-80
14-->src\main\AndroidManifest.xml:11:22-77
15    <uses-permission android:name="android.permission.CAMERA" /> <!-- Don't require camera, as this requires a rear camera. This allows it to work on the Nexus 7 -->
15-->[com.journeyapps:zxing-android-embedded:4.2.0] AndroidManifest.xml:22:5-65
15-->[com.journeyapps:zxing-android-embedded:4.2.0] AndroidManifest.xml:22:22-62
16    <uses-feature
16-->[com.journeyapps:zxing-android-embedded:4.2.0] AndroidManifest.xml:25:5-27:36
17        android:name="android.hardware.camera"
17-->[com.journeyapps:zxing-android-embedded:4.2.0] AndroidManifest.xml:26:9-47
18        android:required="false" />
18-->[com.journeyapps:zxing-android-embedded:4.2.0] AndroidManifest.xml:27:9-33
19    <uses-feature
19-->[com.journeyapps:zxing-android-embedded:4.2.0] AndroidManifest.xml:28:5-30:36
20        android:name="android.hardware.camera.front"
20-->[com.journeyapps:zxing-android-embedded:4.2.0] AndroidManifest.xml:29:9-53
21        android:required="false" /> <!-- TODO replace above two with next line after Android 4.2 -->
21-->[com.journeyapps:zxing-android-embedded:4.2.0] AndroidManifest.xml:30:9-33
22    <!-- <uses-feature android:name="android.hardware.camera.any"/> -->
23    <uses-feature
23-->[com.journeyapps:zxing-android-embedded:4.2.0] AndroidManifest.xml:33:5-35:36
24        android:name="android.hardware.camera.autofocus"
24-->[com.journeyapps:zxing-android-embedded:4.2.0] AndroidManifest.xml:34:9-57
25        android:required="false" />
25-->[com.journeyapps:zxing-android-embedded:4.2.0] AndroidManifest.xml:35:9-33
26    <uses-feature
26-->[com.journeyapps:zxing-android-embedded:4.2.0] AndroidManifest.xml:36:5-38:36
27        android:name="android.hardware.camera.flash"
27-->[com.journeyapps:zxing-android-embedded:4.2.0] AndroidManifest.xml:37:9-53
28        android:required="false" />
28-->[com.journeyapps:zxing-android-embedded:4.2.0] AndroidManifest.xml:38:9-33
29    <uses-feature
29-->[com.journeyapps:zxing-android-embedded:4.2.0] AndroidManifest.xml:39:5-41:36
30        android:name="android.hardware.screen.landscape"
30-->[com.journeyapps:zxing-android-embedded:4.2.0] AndroidManifest.xml:40:9-57
31        android:required="false" />
31-->[com.journeyapps:zxing-android-embedded:4.2.0] AndroidManifest.xml:41:9-33
32    <uses-feature
32-->[com.journeyapps:zxing-android-embedded:4.2.0] AndroidManifest.xml:42:5-44:36
33        android:name="android.hardware.wifi"
33-->[com.journeyapps:zxing-android-embedded:4.2.0] AndroidManifest.xml:43:9-45
34        android:required="false" />
34-->[com.journeyapps:zxing-android-embedded:4.2.0] AndroidManifest.xml:44:9-33
35
36    <application
36-->src\main\AndroidManifest.xml:13:5-106:19
37        android:allowBackup="true"
37-->src\main\AndroidManifest.xml:14:9-35
38        android:appComponentFactory="androidx.core.app.CoreComponentFactory"
38-->[androidx.core:core:1.7.0] AndroidManifest.xml:24:18-86
39        android:calendarViewShown="false"
39-->src\main\AndroidManifest.xml:16:9-42
40        android:debuggable="true"
41        android:extractNativeLibs="false"
42        android:grantUriPermissions="true"
42-->src\main\AndroidManifest.xml:15:9-43
43        android:hardwareAccelerated="true"
43-->src\main\AndroidManifest.xml:17:9-43
44        android:icon="@mipmap/iconic"
44-->src\main\AndroidManifest.xml:18:9-38
45        android:label="@string/app_name"
45-->src\main\AndroidManifest.xml:19:9-41
46        android:resizeableActivity="true"
46-->src\main\AndroidManifest.xml:20:9-42
47        android:supportsRtl="true"
47-->src\main\AndroidManifest.xml:21:9-35
48        android:testOnly="true"
49        android:theme="@style/Theme.MyApplication" >
49-->src\main\AndroidManifest.xml:22:9-51
50        <activity
50-->src\main\AndroidManifest.xml:23:9-26:40
51            android:name="com.pixels.Inventario.View.Gestion_Ventas.VerVentas"
51-->src\main\AndroidManifest.xml:24:13-58
52            android:exported="false"
52-->src\main\AndroidManifest.xml:26:13-37
53            android:theme="@style/Theme.MyApplication.NoActionBar" />
53-->src\main\AndroidManifest.xml:25:13-67
54
55        <provider
55-->src\main\AndroidManifest.xml:27:9-35:20
56            android:name="androidx.core.content.FileProvider"
56-->src\main\AndroidManifest.xml:28:13-62
57            android:authorities="com.pixels.Inventario.fileprovider"
57-->src\main\AndroidManifest.xml:29:13-69
58            android:exported="false"
58-->src\main\AndroidManifest.xml:30:13-37
59            android:grantUriPermissions="true" >
59-->src\main\AndroidManifest.xml:31:13-47
60            <meta-data
60-->src\main\AndroidManifest.xml:32:13-34:53
61                android:name="android.support.FILE_PROVIDER_PATHS"
61-->src\main\AndroidManifest.xml:33:17-67
62                android:resource="@xml/filepaths" />
62-->src\main\AndroidManifest.xml:34:17-50
63        </provider>
64
65        <activity
65-->src\main\AndroidManifest.xml:37:9-40:70
66            android:name="com.pixels.Inventario.View.Caja.Devoluciones.devoluciones"
66-->src\main\AndroidManifest.xml:38:13-64
67            android:exported="false"
67-->src\main\AndroidManifest.xml:39:13-37
68            android:theme="@style/Theme.MyApplication.NoActionBar" />
68-->src\main\AndroidManifest.xml:40:13-67
69        <activity
69-->src\main\AndroidManifest.xml:41:9-43:49
70            android:name="com.pixels.Inventario.View.Caja.Factura.VerFactura"
70-->src\main\AndroidManifest.xml:42:13-57
71            android:exported="false" />
71-->src\main\AndroidManifest.xml:43:13-37
72        <activity
72-->src\main\AndroidManifest.xml:44:9-47:70
73            android:name="com.pixels.Inventario.View.Caja.Caja"
73-->src\main\AndroidManifest.xml:45:13-43
74            android:exported="false"
74-->src\main\AndroidManifest.xml:46:13-37
75            android:theme="@style/Theme.MyApplication.NoActionBar" />
75-->src\main\AndroidManifest.xml:47:13-67
76        <activity
76-->src\main\AndroidManifest.xml:48:9-51:70
77            android:name="com.pixels.Inventario.View.Gestion_Productos.EditarProductos.EditarProducto"
77-->src\main\AndroidManifest.xml:49:13-82
78            android:exported="false"
78-->src\main\AndroidManifest.xml:50:13-37
79            android:theme="@style/Theme.MyApplication.NoActionBar" />
79-->src\main\AndroidManifest.xml:51:13-67
80        <activity
80-->src\main\AndroidManifest.xml:52:9-55:70
81            android:name="com.pixels.Inventario.View.Gestion_Productos.AgregarProductos.AgregarProductos"
81-->src\main\AndroidManifest.xml:53:13-85
82            android:exported="false"
82-->src\main\AndroidManifest.xml:54:13-37
83            android:theme="@style/Theme.MyApplication.NoActionBar" />
83-->src\main\AndroidManifest.xml:55:13-67
84        <activity
84-->src\main\AndroidManifest.xml:56:9-59:70
85            android:name="com.pixels.Inventario.View.Ajustes.ConfiguracionBaseDatos.CrearBaseDatosMYSQL"
85-->src\main\AndroidManifest.xml:57:13-84
86            android:exported="false"
86-->src\main\AndroidManifest.xml:58:13-37
87            android:theme="@style/Theme.MyApplication.NoActionBar" />
87-->src\main\AndroidManifest.xml:59:13-67
88        <activity android:name="com.pixels.Inventario.View.Ajustes.ExportarDatos.ExportarDatos" >
88-->src\main\AndroidManifest.xml:60:9-64:20
88-->src\main\AndroidManifest.xml:60:19-75
89            <meta-data
89-->src\main\AndroidManifest.xml:61:13-63:57
90                android:name="android.support.PARENT_ACTIVITY"
90-->src\main\AndroidManifest.xml:62:17-63
91                android:value=".View.Ajustes.Ajustes" />
91-->src\main\AndroidManifest.xml:63:17-54
92        </activity>
93        <activity android:name="com.pixels.Inventario.View.Ajustes.ImportarDatos.ImportarDatos" >
93-->src\main\AndroidManifest.xml:65:9-69:20
93-->src\main\AndroidManifest.xml:65:19-75
94            <meta-data
94-->src\main\AndroidManifest.xml:61:13-63:57
95                android:name="android.support.PARENT_ACTIVITY"
95-->src\main\AndroidManifest.xml:62:17-63
96                android:value=".View.Ajustes.Ajustes" />
96-->src\main\AndroidManifest.xml:63:17-54
97        </activity>
98        <activity
98-->src\main\AndroidManifest.xml:70:9-73:70
99            android:name="com.pixels.Inventario.View.Ajustes.ConfiguracionBaseDatos.cambiarMySQL"
99-->src\main\AndroidManifest.xml:71:13-77
100            android:exported="false"
100-->src\main\AndroidManifest.xml:72:13-37
101            android:theme="@style/Theme.MyApplication.NoActionBar" />
101-->src\main\AndroidManifest.xml:73:13-67
102        <activity android:name="com.pixels.Inventario.View.Ajustes.ConfiguracionContra.configContra" >
102-->src\main\AndroidManifest.xml:74:9-78:20
102-->src\main\AndroidManifest.xml:74:19-80
103            <meta-data
103-->src\main\AndroidManifest.xml:61:13-63:57
104                android:name="android.support.PARENT_ACTIVITY"
104-->src\main\AndroidManifest.xml:62:17-63
105                android:value=".View.Ajustes.Ajustes" />
105-->src\main\AndroidManifest.xml:63:17-54
106        </activity>
107        <activity
107-->src\main\AndroidManifest.xml:79:9-81:70
108            android:name="com.pixels.Inventario.View.Ajustes.Ajustes"
108-->src\main\AndroidManifest.xml:80:13-49
109            android:theme="@style/Theme.MyApplication.NoActionBar" />
109-->src\main\AndroidManifest.xml:81:13-67
110        <activity
110-->src\main\AndroidManifest.xml:82:9-84:70
111            android:name="com.pixels.Inventario.View.Menu_Inicio.MenuInicio"
111-->src\main\AndroidManifest.xml:83:13-56
112            android:theme="@style/Theme.MyApplication.NoActionBar" />
112-->src\main\AndroidManifest.xml:84:13-67
113        <activity
113-->src\main\AndroidManifest.xml:85:9-92:20
114            android:name="com.pixels.Inventario.View.Gestion_Productos.VerInventario"
114-->src\main\AndroidManifest.xml:86:13-65
115            android:parentActivityName="com.pixels.Inventario.View.Menu_Inicio.MenuInicio"
115-->src\main\AndroidManifest.xml:87:13-70
116            android:theme="@style/Theme.MyApplication.NoActionBar" >
116-->src\main\AndroidManifest.xml:88:13-67
117            <meta-data
117-->src\main\AndroidManifest.xml:61:13-63:57
118                android:name="android.support.PARENT_ACTIVITY"
118-->src\main\AndroidManifest.xml:62:17-63
119                android:value=".View.Menu_Inicio.MenuInicio" />
119-->src\main\AndroidManifest.xml:63:17-54
120        </activity>
121        <activity
121-->src\main\AndroidManifest.xml:93:9-95:40
122            android:name="com.pixels.Inventario.View.InicioA.Configuracion_Inicial.configuracionI"
122-->src\main\AndroidManifest.xml:94:13-78
123            android:exported="false" />
123-->src\main\AndroidManifest.xml:95:13-37
124        <activity
124-->src\main\AndroidManifest.xml:96:9-105:20
125            android:name="com.pixels.Inventario.View.InicioA.Inicio"
125-->src\main\AndroidManifest.xml:97:13-48
126            android:exported="true"
126-->src\main\AndroidManifest.xml:98:13-36
127            android:theme="@style/Theme.MyApplication.NoActionBar" >
127-->src\main\AndroidManifest.xml:99:13-67
128            <intent-filter>
128-->src\main\AndroidManifest.xml:100:13-104:29
129                <action android:name="android.intent.action.MAIN" />
129-->src\main\AndroidManifest.xml:101:17-69
129-->src\main\AndroidManifest.xml:101:25-66
130
131                <category android:name="android.intent.category.LAUNCHER" />
131-->src\main\AndroidManifest.xml:103:17-77
131-->src\main\AndroidManifest.xml:103:27-74
132            </intent-filter>
133        </activity>
134        <activity
134-->[com.journeyapps:zxing-android-embedded:4.2.0] AndroidManifest.xml:47:9-53:63
135            android:name="com.journeyapps.barcodescanner.CaptureActivity"
135-->[com.journeyapps:zxing-android-embedded:4.2.0] AndroidManifest.xml:48:13-74
136            android:clearTaskOnLaunch="true"
136-->[com.journeyapps:zxing-android-embedded:4.2.0] AndroidManifest.xml:49:13-45
137            android:screenOrientation="sensorLandscape"
137-->[com.journeyapps:zxing-android-embedded:4.2.0] AndroidManifest.xml:50:13-56
138            android:stateNotNeeded="true"
138-->[com.journeyapps:zxing-android-embedded:4.2.0] AndroidManifest.xml:51:13-42
139            android:theme="@style/zxing_CaptureTheme"
139-->[com.journeyapps:zxing-android-embedded:4.2.0] AndroidManifest.xml:52:13-54
140            android:windowSoftInputMode="stateAlwaysHidden" />
140-->[com.journeyapps:zxing-android-embedded:4.2.0] AndroidManifest.xml:53:13-60
141
142        <provider
142-->[androidx.lifecycle:lifecycle-process:2.0.0] AndroidManifest.xml:23:9-27:43
143            android:name="androidx.lifecycle.ProcessLifecycleOwnerInitializer"
143-->[androidx.lifecycle:lifecycle-process:2.0.0] AndroidManifest.xml:24:13-79
144            android:authorities="com.pixels.Inventario.lifecycle-process"
144-->[androidx.lifecycle:lifecycle-process:2.0.0] AndroidManifest.xml:25:13-69
145            android:exported="false"
145-->[androidx.lifecycle:lifecycle-process:2.0.0] AndroidManifest.xml:26:13-37
146            android:multiprocess="true" />
146-->[androidx.lifecycle:lifecycle-process:2.0.0] AndroidManifest.xml:27:13-40
147    </application>
148
149</manifest>